<?xml version="1.0" encoding="UTF-8"?>
<testsuite xmlns:xsi="http://www.w3.org/2001/XMLSchema-instance" xsi:noNamespaceSchemaLocation="https://maven.apache.org/surefire/maven-surefire-plugin/xsd/surefire-test-report.xsd" version="3.0.1" name="com.srishti_test.AppTest" time="0.053" tests="5" errors="0" skipped="0" failures="0">
  <properties>
[...]
</properties>
  <testcase name="testDivideByZero" classname="com.srishti_test.AppTest" time="0.016"/>
  <testcase name="testMultiplication" classname="com.srishti_test.AppTest" time="0.014"/>
  <testcase name="testAddition" classname="com.srishti_test.AppTest" time="0.001"/>
  <testcase name="testDivision" classname="com.srishti_test.AppTest" time="0.001"/>
  <testcase name="testSubtraction" classname="com.srishti_test.AppTest" time="0.0"/>
</testsuite>